1718555589.452372 client started (15724): version 3.4, socket /private/tmp/tmux-502/default, protocol 8
1718555589.452413 on Darwin 23.5.0 Darwin Kernel Version 23.5.0: Wed May  1 20:09:52 PDT 2024; root:xnu-10063.121.3~5/RELEASE_X86_64
1718555589.452430 using libevent 2.1.12-stable select
1718555589.452441 using utf8proc 2.9.0
1718555589.452449 using ncurses 6.5 20240427
1718555589.452476 flags are 0x18010000
1718555589.452483 socket is /private/tmp/tmux-502/default
1718555589.452494 trying connect
1718555589.452512 connect failed: No such file or directory
1718555589.452529 lock file is /private/tmp/tmux-502/default.lock
1718555589.452623 flock succeeded
1718555589.452636 got lock (6)
1718555589.452645 trying connect
1718555589.452657 connect failed: No such file or directory
1718555589.452974 add peer 0x7fc01b031000: 7 (0x0)
1718555589.455816 sending message 100 to peer 0x7fc01b031000 (4 bytes)
1718555589.455835 sending message 111 to peer 0x7fc01b031000 (8 bytes)
1718555589.455845 sending message 101 to peer 0x7fc01b031000 (15 bytes)
1718555589.455854 sending message 109 to peer 0x7fc01b031000 (4 bytes)
1718555589.455862 sending message 102 to peer 0x7fc01b031000 (13 bytes)
1718555589.455870 sending message 108 to peer 0x7fc01b031000 (20 bytes)
1718555589.455878 sending message 112 to peer 0x7fc01b031000 (58 bytes)
1718555589.455886 sending message 112 to peer 0x7fc01b031000 (5 bytes)
1718555589.455893 sending message 112 to peer 0x7fc01b031000 (5 bytes)
1718555589.455900 sending message 112 to peer 0x7fc01b031000 (6 bytes)
1718555589.455907 sending message 112 to peer 0x7fc01b031000 (6 bytes)
1718555589.455915 sending message 112 to peer 0x7fc01b031000 (11 bytes)
1718555589.455923 sending message 112 to peer 0x7fc01b031000 (10 bytes)
1718555589.455931 sending message 112 to peer 0x7fc01b031000 (13 bytes)
1718555589.455939 sending message 112 to peer 0x7fc01b031000 (14 bytes)
1718555589.455947 sending message 112 to peer 0x7fc01b031000 (19 bytes)
1718555589.455953 sending message 112 to peer 0x7fc01b031000 (11 bytes)
1718555589.455961 sending message 112 to peer 0x7fc01b031000 (10 bytes)
1718555589.455969 sending message 112 to peer 0x7fc01b031000 (15 bytes)
1718555589.455976 sending message 112 to peer 0x7fc01b031000 (21 bytes)
1718555589.455984 sending message 112 to peer 0x7fc01b031000 (13 bytes)
1718555589.455992 sending message 112 to peer 0x7fc01b031000 (7 bytes)
1718555589.456000 sending message 112 to peer 0x7fc01b031000 (13 bytes)
1718555589.456008 sending message 112 to peer 0x7fc01b031000 (7 bytes)
1718555589.456016 sending message 112 to peer 0x7fc01b031000 (13 bytes)
1718555589.456024 sending message 112 to peer 0x7fc01b031000 (9 bytes)
1718555589.456031 sending message 112 to peer 0x7fc01b031000 (21 bytes)
1718555589.456039 sending message 112 to peer 0x7fc01b031000 (13 bytes)
1718555589.456046 sending message 112 to peer 0x7fc01b031000 (9 bytes)
1718555589.456054 sending message 112 to peer 0x7fc01b031000 (16 bytes)
1718555589.456062 sending message 112 to peer 0x7fc01b031000 (13 bytes)
1718555589.456069 sending message 112 to peer 0x7fc01b031000 (9 bytes)
1718555589.456076 sending message 112 to peer 0x7fc01b031000 (9 bytes)
1718555589.456084 sending message 112 to peer 0x7fc01b031000 (12 bytes)
1718555589.456091 sending message 112 to peer 0x7fc01b031000 (8 bytes)
1718555589.456099 sending message 112 to peer 0x7fc01b031000 (8 bytes)
1718555589.456107 sending message 112 to peer 0x7fc01b031000 (13 bytes)
1718555589.456114 sending message 112 to peer 0x7fc01b031000 (7 bytes)
1718555589.456122 sending message 112 to peer 0x7fc01b031000 (7 bytes)
1718555589.456129 sending message 112 to peer 0x7fc01b031000 (9 bytes)
1718555589.456136 sending message 112 to peer 0x7fc01b031000 (9 bytes)
1718555589.456144 sending message 112 to peer 0x7fc01b031000 (15 bytes)
1718555589.456152 sending message 112 to peer 0x7fc01b031000 (13 bytes)
1718555589.456159 sending message 112 to peer 0x7fc01b031000 (12 bytes)
1718555589.456168 sending message 112 to peer 0x7fc01b031000 (8 bytes)
1718555589.456175 sending message 112 to peer 0x7fc01b031000 (14 bytes)
1718555589.456195 sending message 112 to peer 0x7fc01b031000 (11 bytes)
1718555589.456201 sending message 112 to peer 0x7fc01b031000 (9 bytes)
1718555589.456207 sending message 112 to peer 0x7fc01b031000 (10 bytes)
1718555589.456212 sending message 112 to peer 0x7fc01b031000 (10 bytes)
1718555589.456221 sending message 112 to peer 0x7fc01b031000 (10 bytes)
1718555589.456228 sending message 112 to peer 0x7fc01b031000 (10 bytes)
1718555589.456233 sending message 112 to peer 0x7fc01b031000 (11 bytes)
1718555589.456239 sending message 112 to peer 0x7fc01b031000 (12 bytes)
1718555589.456244 sending message 112 to peer 0x7fc01b031000 (12 bytes)
1718555589.456250 sending message 112 to peer 0x7fc01b031000 (12 bytes)
1718555589.456255 sending message 112 to peer 0x7fc01b031000 (12 bytes)
1718555589.456261 sending message 112 to peer 0x7fc01b031000 (12 bytes)
1718555589.456267 sending message 112 to peer 0x7fc01b031000 (11 bytes)
1718555589.456273 sending message 112 to peer 0x7fc01b031000 (11 bytes)
1718555589.456279 sending message 112 to peer 0x7fc01b031000 (12 bytes)
1718555589.456285 sending message 112 to peer 0x7fc01b031000 (12 bytes)
1718555589.456289 sending message 112 to peer 0x7fc01b031000 (12 bytes)
1718555589.456295 sending message 112 to peer 0x7fc01b031000 (12 bytes)
1718555589.456300 sending message 112 to peer 0x7fc01b031000 (12 bytes)
1718555589.456305 sending message 112 to peer 0x7fc01b031000 (9 bytes)
1718555589.456309 sending message 112 to peer 0x7fc01b031000 (12 bytes)
1718555589.456315 sending message 112 to peer 0x7fc01b031000 (13 bytes)
1718555589.456320 sending message 112 to peer 0x7fc01b031000 (13 bytes)
1718555589.456326 sending message 112 to peer 0x7fc01b031000 (13 bytes)
1718555589.456332 sending message 112 to peer 0x7fc01b031000 (13 bytes)
1718555589.456338 sending message 112 to peer 0x7fc01b031000 (13 bytes)
1718555589.456344 sending message 112 to peer 0x7fc01b031000 (8 bytes)
1718555589.456349 sending message 112 to peer 0x7fc01b031000 (11 bytes)
1718555589.456354 sending message 112 to peer 0x7fc01b031000 (11 bytes)
1718555589.456360 sending message 112 to peer 0x7fc01b031000 (11 bytes)
1718555589.456365 sending message 112 to peer 0x7fc01b031000 (12 bytes)
1718555589.456371 sending message 112 to peer 0x7fc01b031000 (12 bytes)
1718555589.456377 sending message 112 to peer 0x7fc01b031000 (12 bytes)
1718555589.456382 sending message 112 to peer 0x7fc01b031000 (12 bytes)
1718555589.456388 sending message 112 to peer 0x7fc01b031000 (13 bytes)
1718555589.456393 sending message 112 to peer 0x7fc01b031000 (13 bytes)
1718555589.456399 sending message 112 to peer 0x7fc01b031000 (13 bytes)
1718555589.456404 sending message 112 to peer 0x7fc01b031000 (8 bytes)
1718555589.456409 sending message 112 to peer 0x7fc01b031000 (13 bytes)
1718555589.456415 sending message 112 to peer 0x7fc01b031000 (13 bytes)
1718555589.456421 sending message 112 to peer 0x7fc01b031000 (13 bytes)
1718555589.456426 sending message 112 to peer 0x7fc01b031000 (13 bytes)
1718555589.456431 sending message 112 to peer 0x7fc01b031000 (13 bytes)
1718555589.456436 sending message 112 to peer 0x7fc01b031000 (12 bytes)
1718555589.456442 sending message 112 to peer 0x7fc01b031000 (12 bytes)
1718555589.456448 sending message 112 to peer 0x7fc01b031000 (12 bytes)
1718555589.456453 sending message 112 to peer 0x7fc01b031000 (12 bytes)
1718555589.456459 sending message 112 to peer 0x7fc01b031000 (13 bytes)
1718555589.456465 sending message 112 to peer 0x7fc01b031000 (8 bytes)
1718555589.456470 sending message 112 to peer 0x7fc01b031000 (13 bytes)
1718555589.456475 sending message 112 to peer 0x7fc01b031000 (13 bytes)
1718555589.456480 sending message 112 to peer 0x7fc01b031000 (13 bytes)
1718555589.456485 sending message 112 to peer 0x7fc01b031000 (13 bytes)
1718555589.456490 sending message 112 to peer 0x7fc01b031000 (13 bytes)
1718555589.456495 sending message 112 to peer 0x7fc01b031000 (13 bytes)
1718555589.456500 sending message 112 to peer 0x7fc01b031000 (13 bytes)
1718555589.456506 sending message 112 to peer 0x7fc01b031000 (12 bytes)
1718555589.456522 sending message 112 to peer 0x7fc01b031000 (12 bytes)
1718555589.456528 sending message 112 to peer 0x7fc01b031000 (12 bytes)
1718555589.456534 sending message 112 to peer 0x7fc01b031000 (8 bytes)
1718555589.456539 sending message 112 to peer 0x7fc01b031000 (12 bytes)
1718555589.456544 sending message 112 to peer 0x7fc01b031000 (13 bytes)
1718555589.456550 sending message 112 to peer 0x7fc01b031000 (13 bytes)
1718555589.456555 sending message 112 to peer 0x7fc01b031000 (13 bytes)
1718555589.456560 sending message 112 to peer 0x7fc01b031000 (13 bytes)
1718555589.456566 sending message 112 to peer 0x7fc01b031000 (13 bytes)
1718555589.456572 sending message 112 to peer 0x7fc01b031000 (13 bytes)
1718555589.456577 sending message 112 to peer 0x7fc01b031000 (13 bytes)
1718555589.456586 sending message 112 to peer 0x7fc01b031000 (13 bytes)
1718555589.456591 sending message 112 to peer 0x7fc01b031000 (12 bytes)
1718555589.456597 sending message 112 to peer 0x7fc01b031000 (10 bytes)
1718555589.456602 sending message 112 to peer 0x7fc01b031000 (12 bytes)
1718555589.456608 sending message 112 to peer 0x7fc01b031000 (12 bytes)
1718555589.456614 sending message 112 to peer 0x7fc01b031000 (12 bytes)
1718555589.456619 sending message 112 to peer 0x7fc01b031000 (13 bytes)
1718555589.456624 sending message 112 to peer 0x7fc01b031000 (13 bytes)
1718555589.456630 sending message 112 to peer 0x7fc01b031000 (13 bytes)
1718555589.456635 sending message 112 to peer 0x7fc01b031000 (13 bytes)
1718555589.456641 sending message 112 to peer 0x7fc01b031000 (13 bytes)
1718555589.456646 sending message 112 to peer 0x7fc01b031000 (13 bytes)
1718555589.456652 sending message 112 to peer 0x7fc01b031000 (13 bytes)
1718555589.456656 sending message 112 to peer 0x7fc01b031000 (10 bytes)
1718555589.456661 sending message 112 to peer 0x7fc01b031000 (13 bytes)
1718555589.456666 sending message 112 to peer 0x7fc01b031000 (12 bytes)
1718555589.456672 sending message 112 to peer 0x7fc01b031000 (12 bytes)
1718555589.456677 sending message 112 to peer 0x7fc01b031000 (12 bytes)
1718555589.456684 sending message 112 to peer 0x7fc01b031000 (10 bytes)
1718555589.456689 sending message 112 to peer 0x7fc01b031000 (10 bytes)
1718555589.456695 sending message 112 to peer 0x7fc01b031000 (10 bytes)
1718555589.456700 sending message 112 to peer 0x7fc01b031000 (12 bytes)
1718555589.456706 sending message 112 to peer 0x7fc01b031000 (13 bytes)
1718555589.456711 sending message 112 to peer 0x7fc01b031000 (13 bytes)
1718555589.456717 sending message 112 to peer 0x7fc01b031000 (13 bytes)
1718555589.456723 sending message 112 to peer 0x7fc01b031000 (13 bytes)
1718555589.456729 sending message 112 to peer 0x7fc01b031000 (13 bytes)
1718555589.456735 sending message 112 to peer 0x7fc01b031000 (10 bytes)
1718555589.456740 sending message 112 to peer 0x7fc01b031000 (11 bytes)
1718555589.456746 sending message 112 to peer 0x7fc01b031000 (12 bytes)
1718555589.456752 sending message 112 to peer 0x7fc01b031000 (12 bytes)
1718555589.456758 sending message 112 to peer 0x7fc01b031000 (12 bytes)
1718555589.456763 sending message 112 to peer 0x7fc01b031000 (12 bytes)
1718555589.456769 sending message 112 to peer 0x7fc01b031000 (12 bytes)
1718555589.456775 sending message 112 to peer 0x7fc01b031000 (11 bytes)
1718555589.456780 sending message 112 to peer 0x7fc01b031000 (12 bytes)
1718555589.456786 sending message 112 to peer 0x7fc01b031000 (12 bytes)
1718555589.456791 sending message 112 to peer 0x7fc01b031000 (13 bytes)
1718555589.456797 sending message 112 to peer 0x7fc01b031000 (13 bytes)
1718555589.456802 sending message 112 to peer 0x7fc01b031000 (13 bytes)
1718555589.456808 sending message 112 to peer 0x7fc01b031000 (13 bytes)
1718555589.456814 sending message 112 to peer 0x7fc01b031000 (13 bytes)
1718555589.456819 sending message 112 to peer 0x7fc01b031000 (10 bytes)
1718555589.456825 sending message 112 to peer 0x7fc01b031000 (9 bytes)
1718555589.456830 sending message 112 to peer 0x7fc01b031000 (12 bytes)
1718555589.456835 sending message 112 to peer 0x7fc01b031000 (13 bytes)
1718555589.456850 sending message 112 to peer 0x7fc01b031000 (13 bytes)
1718555589.456856 sending message 112 to peer 0x7fc01b031000 (13 bytes)
1718555589.456862 sending message 112 to peer 0x7fc01b031000 (13 bytes)
1718555589.456867 sending message 112 to peer 0x7fc01b031000 (13 bytes)
1718555589.456873 sending message 112 to peer 0x7fc01b031000 (9 bytes)
1718555589.456878 sending message 112 to peer 0x7fc01b031000 (12 bytes)
1718555589.456883 sending message 112 to peer 0x7fc01b031000 (13 bytes)
1718555589.456889 sending message 112 to peer 0x7fc01b031000 (13 bytes)
1718555589.456894 sending message 112 to peer 0x7fc01b031000 (13 bytes)
1718555589.456900 sending message 112 to peer 0x7fc01b031000 (13 bytes)
1718555589.456905 sending message 112 to peer 0x7fc01b031000 (13 bytes)
1718555589.456910 sending message 112 to peer 0x7fc01b031000 (11 bytes)
1718555589.456915 sending message 112 to peer 0x7fc01b031000 (12 bytes)
1718555589.456921 sending message 112 to peer 0x7fc01b031000 (13 bytes)
1718555589.456926 sending message 112 to peer 0x7fc01b031000 (13 bytes)
1718555589.456932 sending message 112 to peer 0x7fc01b031000 (13 bytes)
1718555589.456937 sending message 112 to peer 0x7fc01b031000 (13 bytes)
1718555589.456942 sending message 112 to peer 0x7fc01b031000 (13 bytes)
1718555589.456950 sending message 112 to peer 0x7fc01b031000 (11 bytes)
1718555589.456956 sending message 112 to peer 0x7fc01b031000 (12 bytes)
1718555589.456962 sending message 112 to peer 0x7fc01b031000 (12 bytes)
1718555589.456968 sending message 112 to peer 0x7fc01b031000 (12 bytes)
1718555589.456973 sending message 112 to peer 0x7fc01b031000 (12 bytes)
1718555589.456978 sending message 112 to peer 0x7fc01b031000 (12 bytes)
1718555589.456983 sending message 112 to peer 0x7fc01b031000 (21 bytes)
1718555589.456989 sending message 112 to peer 0x7fc01b031000 (12 bytes)
1718555589.456994 sending message 112 to peer 0x7fc01b031000 (9 bytes)
1718555589.456998 sending message 112 to peer 0x7fc01b031000 (6 bytes)
1718555589.457003 sending message 112 to peer 0x7fc01b031000 (13 bytes)
1718555589.457008 sending message 112 to peer 0x7fc01b031000 (10 bytes)
1718555589.457014 sending message 112 to peer 0x7fc01b031000 (24 bytes)
1718555589.457019 sending message 112 to peer 0x7fc01b031000 (13 bytes)
1718555589.457024 sending message 112 to peer 0x7fc01b031000 (9 bytes)
1718555589.457030 sending message 112 to peer 0x7fc01b031000 (70 bytes)
1718555589.457037 sending message 112 to peer 0x7fc01b031000 (69 bytes)
1718555589.457043 sending message 112 to peer 0x7fc01b031000 (12 bytes)
1718555589.457048 sending message 112 to peer 0x7fc01b031000 (10 bytes)
1718555589.457054 sending message 112 to peer 0x7fc01b031000 (10 bytes)
1718555589.457059 sending message 112 to peer 0x7fc01b031000 (24 bytes)
1718555589.457065 sending message 112 to peer 0x7fc01b031000 (13 bytes)
1718555589.457070 sending message 112 to peer 0x7fc01b031000 (10 bytes)
1718555589.457076 sending message 112 to peer 0x7fc01b031000 (10 bytes)
1718555589.457081 sending message 112 to peer 0x7fc01b031000 (10 bytes)
1718555589.457087 sending message 112 to peer 0x7fc01b031000 (13 bytes)
1718555589.457092 sending message 112 to peer 0x7fc01b031000 (15 bytes)
1718555589.457098 sending message 112 to peer 0x7fc01b031000 (5 bytes)
1718555589.457105 sending message 104 to peer 0x7fc01b031000 (0 bytes)
1718555589.457112 sending message 110 to peer 0x7fc01b031000 (0 bytes)
1718555589.457117 sending message 107 to peer 0x7fc01b031000 (4 bytes)
1718555589.457123 sending message 105 to peer 0x7fc01b031000 (24 bytes)
1718555589.457129 sending message 105 to peer 0x7fc01b031000 (112 bytes)
1718555589.457135 sending message 105 to peer 0x7fc01b031000 (13 bytes)
1718555589.457140 sending message 105 to peer 0x7fc01b031000 (10 bytes)
1718555589.457146 sending message 105 to peer 0x7fc01b031000 (20 bytes)
1718555589.457151 sending message 105 to peer 0x7fc01b031000 (72 bytes)
1718555589.457157 sending message 105 to peer 0x7fc01b031000 (60 bytes)
1718555589.457163 sending message 105 to peer 0x7fc01b031000 (67 bytes)
1718555589.457177 sending message 105 to peer 0x7fc01b031000 (14 bytes)
1718555589.457183 sending message 105 to peer 0x7fc01b031000 (17 bytes)
1718555589.457189 sending message 105 to peer 0x7fc01b031000 (26 bytes)
1718555589.457194 sending message 105 to peer 0x7fc01b031000 (44 bytes)
1718555589.457199 sending message 105 to peer 0x7fc01b031000 (70 bytes)
1718555589.457204 sending message 105 to peer 0x7fc01b031000 (38 bytes)
1718555589.457210 sending message 105 to peer 0x7fc01b031000 (18 bytes)
1718555589.457214 sending message 105 to peer 0x7fc01b031000 (20 bytes)
1718555589.457220 sending message 105 to peer 0x7fc01b031000 (17 bytes)
1718555589.457225 sending message 105 to peer 0x7fc01b031000 (43 bytes)
1718555589.457230 sending message 105 to peer 0x7fc01b031000 (20 bytes)
1718555589.457236 sending message 105 to peer 0x7fc01b031000 (57 bytes)
1718555589.457241 sending message 105 to peer 0x7fc01b031000 (64 bytes)
1718555589.457247 sending message 105 to peer 0x7fc01b031000 (22 bytes)
1718555589.457252 sending message 105 to peer 0x7fc01b031000 (15 bytes)
1718555589.457257 sending message 105 to peer 0x7fc01b031000 (20 bytes)
1718555589.457263 sending message 105 to peer 0x7fc01b031000 (50 bytes)
1718555589.457268 sending message 105 to peer 0x7fc01b031000 (8 bytes)
1718555589.457274 sending message 105 to peer 0x7fc01b031000 (48 bytes)
1718555589.457279 sending message 105 to peer 0x7fc01b031000 (60 bytes)
1718555589.457285 sending message 105 to peer 0x7fc01b031000 (38 bytes)
1718555589.457295 sending message 105 to peer 0x7fc01b031000 (21 bytes)
1718555589.457301 sending message 105 to peer 0x7fc01b031000 (46 bytes)
1718555589.457306 sending message 105 to peer 0x7fc01b031000 (47 bytes)
1718555589.457312 sending message 105 to peer 0x7fc01b031000 (655 bytes)
1718555589.457318 sending message 105 to peer 0x7fc01b031000 (66 bytes)
1718555589.457324 sending message 106 to peer 0x7fc01b031000 (0 bytes)
1718555589.457398 sending message 200 to peer 0x7fc01b031000 (4 bytes)
1718555589.457407 client loop enter
1718555589.457429 client_signal: Child exited: 20
1718555589.556579 peer 0x7fc01b031000 message 207
1718555589.556604 sending message 208 to peer 0x7fc01b031000 (0 bytes)
1718555593.774477 peer 0x7fc01b031000 message 203
1718555593.774503 sending message 205 to peer 0x7fc01b031000 (0 bytes)
1718555593.774793 peer 0x7fc01b031000 message 204
1718555593.774810 client loop exit
